生成启动时间为 2011/1/17 22:02:17。
     1>项目“F:\program\LH_SNAKE\LH_SNAKE\LH_SNAKE.vcxproj”在节点 2 上(build 个目标)。
     1>InitializeBuildStatus:
         正在对“Debug\LH_SNAKE.unsuccessfulbuild”执行 Touch 任务。
       ClCompile:
         所有输出均为最新。
       ManifestResourceCompile:
         所有输出均为最新。
       Link:
         d:\Program Files\Microsoft Visual Studio 10.0\VC\bin\link.exe /ERRORREPORT:PROMPT /OUT:"F:\program\LH_SNAKE\Debug\LH_SNAKE.exe" /INCREMENTAL /NOLOGO SDL.lib SDL_image.lib SDLMain.lib SDL_ttf.lib kernel32.lib user32.lib gdi32.lib winspool.lib comdlg32.lib advapi32.lib shell32.lib ole32.lib oleaut32.lib uuid.lib odbc32.lib odbccp32.lib kernel32.lib user32.lib gdi32.lib winspool.lib comdlg32.lib advapi32.lib shell32.lib ole32.lib oleaut32.lib uuid.lib odbc32.lib odbccp32.lib /MANIFEST /ManifestFile:"Debug\LH_SNAKE.exe.intermediate.manifest" /MANIFESTUAC:"level='asInvoker' uiAccess='false'" /DEBUG /PDB:"F:\program\LH_SNAKE\Debug\LH_SNAKE.pdb" /SUBSYSTEM:CONSOLE /TLBID:1 /DYNAMICBASE /NXCOMPAT /IMPLIB:"F:\program\LH_SNAKE\Debug\LH_SNAKE.lib" /MACHINE:X86 Debug\LH_SNAKE.exe.embed.manifest.res
         Debug\fun.obj
         Debug\LH_SNAKE.obj
     1>MSVCRTD.lib(cinitexe.obj) : warning LNK4098: 默认库“msvcrt.lib”与其他库的使用冲突；请使用 /NODEFAULTLIB:library
       Manifest:
         C:\Program Files\Microsoft SDKs\Windows\v7.0A\bin\mt.exe /nologo /verbose /out:"Debug\LH_SNAKE.exe.embed.manifest" /manifest Debug\LH_SNAKE.exe.intermediate.manifest
         C:\Program Files\Microsoft SDKs\Windows\v7.0A\bin\rc.exe /nologo /fo"Debug\LH_SNAKE.exe.embed.manifest.res" Debug\LH_SNAKE_manifest.rc 
       LinkEmbedManifest:
         d:\Program Files\Microsoft Visual Studio 10.0\VC\bin\link.exe /ERRORREPORT:PROMPT /OUT:"F:\program\LH_SNAKE\Debug\LH_SNAKE.exe" /INCREMENTAL /NOLOGO SDL.lib SDL_image.lib SDLMain.lib SDL_ttf.lib kernel32.lib user32.lib gdi32.lib winspool.lib comdlg32.lib advapi32.lib shell32.lib ole32.lib oleaut32.lib uuid.lib odbc32.lib odbccp32.lib kernel32.lib user32.lib gdi32.lib winspool.lib comdlg32.lib advapi32.lib shell32.lib ole32.lib oleaut32.lib uuid.lib odbc32.lib odbccp32.lib /MANIFEST /ManifestFile:"Debug\LH_SNAKE.exe.intermediate.manifest" /MANIFESTUAC:"level='asInvoker' uiAccess='false'" /DEBUG /PDB:"F:\program\LH_SNAKE\Debug\LH_SNAKE.pdb" /SUBSYSTEM:CONSOLE /TLBID:1 /DYNAMICBASE /NXCOMPAT /IMPLIB:"F:\program\LH_SNAKE\Debug\LH_SNAKE.lib" /MACHINE:X86 Debug\LH_SNAKE.exe.embed.manifest.res
         Debug\fun.obj
         Debug\LH_SNAKE.obj
     1>MSVCRTD.lib(cinitexe.obj) : warning LNK4098: 默认库“msvcrt.lib”与其他库的使用冲突；请使用 /NODEFAULTLIB:library
         LH_SNAKE.vcxproj -> F:\program\LH_SNAKE\Debug\LH_SNAKE.exe
       FinalizeBuildStatus:
         正在删除文件“Debug\LH_SNAKE.unsuccessfulbuild”。
         正在对“Debug\LH_SNAKE.lastbuildstate”执行 Touch 任务。
     1>已完成生成项目“F:\program\LH_SNAKE\LH_SNAKE\LH_SNAKE.vcxproj”(build 个目标)的操作。

生成成功。

已用时间 00:00:02.22
